26-01-2021 20:20:00 - MOD: Modification Default

FILE: system/engine/action.php
REGEX: ~(require|include)(_once)?\(([^)]+)~
LINE: 69

FILE: system/engine/loader.php
REGEX: ~(require|include)(_once)?\(([^)]+)~
LINE: 81
LINE: 155
LINE: 172

FILE: system/library/config.php
REGEX: ~(require|include)(_once)?\(([^)]+)~
LINE: 59

FILE: system/library/language.php
REGEX: ~(require|include)(_once)?\(([^)]+)~
LINE: 67
LINE: 73

FILE: system/library/template/template.php
REGEX: ~(require|include)(_once)?\(([^)]+)~
LINE: 18

FILE: system/library/template/twig.php
CODE: $loader = new \Twig_Loader_Filesystem(DIR_TEMPLATE);
LINE: 19
----------------------------------------------------------------
MOD: 3º Nível de submenu

FILE: catalog/controller/common/menu.php
CODE: foreach ($children as $child) {
LINE: 38
CODE: 'href'  => $this->url->link('product/category', 'path=' . $category['category_id'] . '_' . $child['category_id'])
            );
NOT FOUND - OPERATIONS ABORTED!

FILE: catalog/view/theme/basico/template/common/menu.twig
CODE: 
NOT FOUND - OPERATIONS ABORTED!

FILE: catalog/view/theme/default/template/common/menu.twig
CODE: 
NOT FOUND - OPERATIONS ABORTED!
----------------------------------------------------------------
26-01-2021 20:38:40 - MOD: Modification Default

FILE: system/engine/action.php
REGEX: ~(require|include)(_once)?\(([^)]+)~
LINE: 69

FILE: system/engine/loader.php
REGEX: ~(require|include)(_once)?\(([^)]+)~
LINE: 81
LINE: 155
LINE: 172

FILE: system/library/config.php
REGEX: ~(require|include)(_once)?\(([^)]+)~
LINE: 59

FILE: system/library/language.php
REGEX: ~(require|include)(_once)?\(([^)]+)~
LINE: 67
LINE: 73

FILE: system/library/template/template.php
REGEX: ~(require|include)(_once)?\(([^)]+)~
LINE: 18

FILE: system/library/template/twig.php
CODE: $loader = new \Twig_Loader_Filesystem(DIR_TEMPLATE);
LINE: 19
----------------------------------------------------------------
29-01-2021 17:11:51 - MOD: Modification Default

FILE: system/engine/action.php
REGEX: ~(require|include)(_once)?\(([^)]+)~
LINE: 69

FILE: system/engine/loader.php
REGEX: ~(require|include)(_once)?\(([^)]+)~
LINE: 81
LINE: 155
LINE: 172

FILE: system/library/config.php
REGEX: ~(require|include)(_once)?\(([^)]+)~
LINE: 59

FILE: system/library/language.php
REGEX: ~(require|include)(_once)?\(([^)]+)~
LINE: 67
LINE: 73

FILE: system/library/template/template.php
REGEX: ~(require|include)(_once)?\(([^)]+)~
LINE: 18

FILE: system/library/template/twig.php
CODE: $loader = new \Twig_Loader_Filesystem(DIR_TEMPLATE);
LINE: 19
----------------------------------------------------------------
29-01-2021 20:46:13 - MOD: Modification Default

FILE: system/engine/action.php
REGEX: ~(require|include)(_once)?\(([^)]+)~
LINE: 69

FILE: system/engine/loader.php
REGEX: ~(require|include)(_once)?\(([^)]+)~
LINE: 81
LINE: 155
LINE: 172

FILE: system/library/config.php
REGEX: ~(require|include)(_once)?\(([^)]+)~
LINE: 59

FILE: system/library/language.php
REGEX: ~(require|include)(_once)?\(([^)]+)~
LINE: 67
LINE: 73

FILE: system/library/template/template.php
REGEX: ~(require|include)(_once)?\(([^)]+)~
LINE: 18

FILE: system/library/template/twig.php
CODE: $loader = new \Twig_Loader_Filesystem(DIR_TEMPLATE);
LINE: 19
----------------------------------------------------------------
02-02-2021 18:23:23 - MOD: Modification Default

FILE: system/engine/action.php
REGEX: ~(require|include)(_once)?\(([^)]+)~
LINE: 69

FILE: system/engine/loader.php
REGEX: ~(require|include)(_once)?\(([^)]+)~
LINE: 81
LINE: 155
LINE: 172

FILE: system/library/config.php
REGEX: ~(require|include)(_once)?\(([^)]+)~
LINE: 59

FILE: system/library/language.php
REGEX: ~(require|include)(_once)?\(([^)]+)~
LINE: 67
LINE: 73

FILE: system/library/template/template.php
REGEX: ~(require|include)(_once)?\(([^)]+)~
LINE: 18

FILE: system/library/template/twig.php
CODE: $loader = new \Twig_Loader_Filesystem(DIR_TEMPLATE);
LINE: 19
----------------------------------------------------------------
02-02-2021 18:26:56 - MOD: Modification Default

FILE: system/engine/action.php
REGEX: ~(require|include)(_once)?\(([^)]+)~
LINE: 69

FILE: system/engine/loader.php
REGEX: ~(require|include)(_once)?\(([^)]+)~
LINE: 81
LINE: 155
LINE: 172

FILE: system/library/config.php
REGEX: ~(require|include)(_once)?\(([^)]+)~
LINE: 59

FILE: system/library/language.php
REGEX: ~(require|include)(_once)?\(([^)]+)~
LINE: 67
LINE: 73

FILE: system/library/template/template.php
REGEX: ~(require|include)(_once)?\(([^)]+)~
LINE: 18

FILE: system/library/template/twig.php
CODE: $loader = new \Twig_Loader_Filesystem(DIR_TEMPLATE);
LINE: 19
----------------------------------------------------------------
MOD: 

FILE: catalog/view/theme/default/template/common/footer.twig
CODE: </footer>
LINE: 50

FILE: catalog/model/catalog/product.php
CODE: public function getProfile($product_id, $recurring_id) {
LINE: 552

FILE: admin/model/catalog/category.php
CODE: public function getTotalCategories() {
NOT FOUND - OPERATION SKIPPED!
----------------------------------------------------------------
08-02-2021 17:41:11 - MOD: Modification Default

FILE: system/engine/action.php
REGEX: ~(require|include)(_once)?\(([^)]+)~
LINE: 69

FILE: system/engine/loader.php
REGEX: ~(require|include)(_once)?\(([^)]+)~
LINE: 81
LINE: 155
LINE: 172

FILE: system/library/config.php
REGEX: ~(require|include)(_once)?\(([^)]+)~
LINE: 59

FILE: system/library/language.php
REGEX: ~(require|include)(_once)?\(([^)]+)~
LINE: 67
LINE: 73

FILE: system/library/template/template.php
REGEX: ~(require|include)(_once)?\(([^)]+)~
LINE: 18

FILE: system/library/template/twig.php
CODE: $loader = new \Twig_Loader_Filesystem(DIR_TEMPLATE);
LINE: 19
----------------------------------------------------------------
MOD: 

FILE: catalog/view/theme/default/template/common/footer.twig
CODE: </footer>
LINE: 50

FILE: catalog/model/catalog/product.php
CODE: public function getProfile($product_id, $recurring_id) {
LINE: 552

FILE: admin/model/catalog/category.php
CODE: public function getTotalCategories() {
NOT FOUND - OPERATION SKIPPED!
----------------------------------------------------------------
11-02-2021 20:45:57 - MOD: Modification Default

FILE: system/engine/action.php
REGEX: ~(require|include)(_once)?\(([^)]+)~
LINE: 69

FILE: system/engine/loader.php
REGEX: ~(require|include)(_once)?\(([^)]+)~
LINE: 81
LINE: 155
LINE: 172

FILE: system/library/config.php
REGEX: ~(require|include)(_once)?\(([^)]+)~
LINE: 59

FILE: system/library/language.php
REGEX: ~(require|include)(_once)?\(([^)]+)~
LINE: 67
LINE: 73

FILE: system/library/template/template.php
REGEX: ~(require|include)(_once)?\(([^)]+)~
LINE: 18

FILE: system/library/template/twig.php
CODE: $loader = new \Twig_Loader_Filesystem(DIR_TEMPLATE);
LINE: 19
----------------------------------------------------------------
MOD: 

FILE: catalog/view/theme/default/template/common/footer.twig
CODE: </footer>
NOT FOUND - OPERATION SKIPPED!

FILE: catalog/model/catalog/product.php
CODE: public function getProfile($product_id, $recurring_id) {
LINE: 552

FILE: admin/model/catalog/category.php
CODE: public function getTotalCategories() {
NOT FOUND - OPERATION SKIPPED!
----------------------------------------------------------------
15-02-2021 18:02:26 - MOD: Modification Default

FILE: system/engine/action.php
REGEX: ~(require|include)(_once)?\(([^)]+)~
LINE: 69

FILE: system/engine/loader.php
REGEX: ~(require|include)(_once)?\(([^)]+)~
LINE: 81
LINE: 155
LINE: 172

FILE: system/library/config.php
REGEX: ~(require|include)(_once)?\(([^)]+)~
LINE: 59

FILE: system/library/language.php
REGEX: ~(require|include)(_once)?\(([^)]+)~
LINE: 67
LINE: 73

FILE: system/library/template/template.php
REGEX: ~(require|include)(_once)?\(([^)]+)~
LINE: 18

FILE: system/library/template/twig.php
CODE: $loader = new \Twig_Loader_Filesystem(DIR_TEMPLATE);
LINE: 19
----------------------------------------------------------------
MOD: 

FILE: catalog/view/theme/default/template/common/footer.twig
CODE: </footer>
LINE: 56

FILE: catalog/model/catalog/product.php
CODE: public function getProfile($product_id, $recurring_id) {
LINE: 552

FILE: admin/model/catalog/category.php
CODE: public function getTotalCategories() {
NOT FOUND - OPERATION SKIPPED!
----------------------------------------------------------------
MOD: URL amigável automática para OpenCart 3.0.x

FILE: admin/view/template/common/header.twig
CODE: </head>
LINE: 39

FILE: admin/view/template/catalog/product_form.twig
CODE: {{ footer }}
LINE: 1530

FILE: admin/view/template/catalog/category_form.twig
CODE: {{ footer }}
LINE: 322

FILE: admin/view/template/catalog/information_form.twig
CODE: {{ footer }}
LINE: 231

FILE: admin/view/template/catalog/manufacturer_form.twig
CODE: {{ footer }}
LINE: 124
----------------------------------------------------------------
15-02-2021 18:14:39 - MOD: Modification Default

FILE: system/engine/action.php
REGEX: ~(require|include)(_once)?\(([^)]+)~
LINE: 69

FILE: system/engine/loader.php
REGEX: ~(require|include)(_once)?\(([^)]+)~
LINE: 81
LINE: 155
LINE: 172

FILE: system/library/config.php
REGEX: ~(require|include)(_once)?\(([^)]+)~
LINE: 59

FILE: system/library/language.php
REGEX: ~(require|include)(_once)?\(([^)]+)~
LINE: 67
LINE: 73

FILE: system/library/template/template.php
REGEX: ~(require|include)(_once)?\(([^)]+)~
LINE: 18

FILE: system/library/template/twig.php
CODE: $loader = new \Twig_Loader_Filesystem(DIR_TEMPLATE);
LINE: 19
----------------------------------------------------------------
MOD: 

FILE: catalog/view/theme/default/template/common/footer.twig
CODE: </footer>
LINE: 56

FILE: catalog/model/catalog/product.php
CODE: public function getProfile($product_id, $recurring_id) {
LINE: 552

FILE: admin/model/catalog/category.php
CODE: public function getTotalCategories() {
NOT FOUND - OPERATION SKIPPED!
----------------------------------------------------------------
15-02-2021 18:20:53 - MOD: Modification Default

FILE: system/engine/action.php
REGEX: ~(require|include)(_once)?\(([^)]+)~
LINE: 69

FILE: system/engine/loader.php
REGEX: ~(require|include)(_once)?\(([^)]+)~
LINE: 81
LINE: 155
LINE: 172

FILE: system/library/config.php
REGEX: ~(require|include)(_once)?\(([^)]+)~
LINE: 59

FILE: system/library/language.php
REGEX: ~(require|include)(_once)?\(([^)]+)~
LINE: 67
LINE: 73

FILE: system/library/template/template.php
REGEX: ~(require|include)(_once)?\(([^)]+)~
LINE: 18

FILE: system/library/template/twig.php
CODE: $loader = new \Twig_Loader_Filesystem(DIR_TEMPLATE);
LINE: 19
----------------------------------------------------------------
MOD: 

FILE: catalog/view/theme/default/template/common/footer.twig
CODE: </footer>
LINE: 56

FILE: catalog/model/catalog/product.php
CODE: public function getProfile($product_id, $recurring_id) {
LINE: 552

FILE: admin/model/catalog/category.php
CODE: public function getTotalCategories() {
NOT FOUND - OPERATION SKIPPED!
----------------------------------------------------------------
15-02-2021 20:39:16 - MOD: Modification Default

FILE: system/engine/action.php
REGEX: ~(require|include)(_once)?\(([^)]+)~
LINE: 69

FILE: system/engine/loader.php
REGEX: ~(require|include)(_once)?\(([^)]+)~
LINE: 81
LINE: 155
LINE: 172

FILE: system/library/config.php
REGEX: ~(require|include)(_once)?\(([^)]+)~
LINE: 59

FILE: system/library/language.php
REGEX: ~(require|include)(_once)?\(([^)]+)~
LINE: 67
LINE: 73

FILE: system/library/template/template.php
REGEX: ~(require|include)(_once)?\(([^)]+)~
LINE: 18

FILE: system/library/template/twig.php
CODE: $loader = new \Twig_Loader_Filesystem(DIR_TEMPLATE);
LINE: 19
----------------------------------------------------------------
MOD: OneCheckout

FILE: catalog/controller/checkout/success.php
CODE: public function index() {
LINE: 38

FILE: catalog/controller/checkout/checkout.php
CODE: $data['header'] = $this->load->controller('common/header');
LINE: 100
CODE: $this->response->setOutput($this->load->view('checkout/checkout', $data));
LINE: 108

FILE: catalog/controller/checkout/guest.php
CODE: !$this->config->get('config_checkout_guest') ||
LINE: 158
CODE: $this->session->data['shipping_address']['custom_field'] = array();
LINE: 339
CODE: $this->session->data['guest']['firstname'] = $this->request->post['firstname'];
LINE: 244
CODE: unset($this->session->data['shipping_methods']);
LINE: 350
CODE: if ((utf8_strlen(trim($this->request->post['firstname'])) < 1)
LINE: 176
----------------------------------------------------------------
MOD: 

FILE: catalog/view/theme/default/template/common/footer.twig
CODE: </footer>
LINE: 56

FILE: catalog/model/catalog/product.php
CODE: public function getProfile($product_id, $recurring_id) {
LINE: 552

FILE: admin/model/catalog/category.php
CODE: public function getTotalCategories() {
NOT FOUND - OPERATION SKIPPED!
----------------------------------------------------------------
15-02-2021 20:42:59 - MOD: Modification Default

FILE: system/engine/action.php
REGEX: ~(require|include)(_once)?\(([^)]+)~
LINE: 69

FILE: system/engine/loader.php
REGEX: ~(require|include)(_once)?\(([^)]+)~
LINE: 81
LINE: 155
LINE: 172

FILE: system/library/config.php
REGEX: ~(require|include)(_once)?\(([^)]+)~
LINE: 59

FILE: system/library/language.php
REGEX: ~(require|include)(_once)?\(([^)]+)~
LINE: 67
LINE: 73

FILE: system/library/template/template.php
REGEX: ~(require|include)(_once)?\(([^)]+)~
LINE: 18

FILE: system/library/template/twig.php
CODE: $loader = new \Twig_Loader_Filesystem(DIR_TEMPLATE);
LINE: 19
----------------------------------------------------------------
MOD: OneCheckout

FILE: catalog/controller/checkout/success.php
CODE: public function index() {
LINE: 38

FILE: catalog/controller/checkout/checkout.php
CODE: $data['header'] = $this->load->controller('common/header');
LINE: 100
CODE: $this->response->setOutput($this->load->view('checkout/checkout', $data));
LINE: 108

FILE: catalog/controller/checkout/guest.php
CODE: !$this->config->get('config_checkout_guest') ||
LINE: 158
CODE: $this->session->data['shipping_address']['custom_field'] = array();
LINE: 339
CODE: $this->session->data['guest']['firstname'] = $this->request->post['firstname'];
LINE: 244
CODE: unset($this->session->data['shipping_methods']);
LINE: 350
CODE: if ((utf8_strlen(trim($this->request->post['firstname'])) < 1)
LINE: 176
----------------------------------------------------------------
MOD: 

FILE: catalog/view/theme/default/template/common/footer.twig
CODE: </footer>
LINE: 56

FILE: catalog/model/catalog/product.php
CODE: public function getProfile($product_id, $recurring_id) {
LINE: 552

FILE: admin/model/catalog/category.php
CODE: public function getTotalCategories() {
NOT FOUND - OPERATION SKIPPED!
----------------------------------------------------------------
15-02-2021 20:51:35 - MOD: Modification Default

FILE: system/engine/action.php
REGEX: ~(require|include)(_once)?\(([^)]+)~
LINE: 69

FILE: system/engine/loader.php
REGEX: ~(require|include)(_once)?\(([^)]+)~
LINE: 81
LINE: 155
LINE: 172

FILE: system/library/config.php
REGEX: ~(require|include)(_once)?\(([^)]+)~
LINE: 59

FILE: system/library/language.php
REGEX: ~(require|include)(_once)?\(([^)]+)~
LINE: 67
LINE: 73

FILE: system/library/template/template.php
REGEX: ~(require|include)(_once)?\(([^)]+)~
LINE: 18

FILE: system/library/template/twig.php
CODE: $loader = new \Twig_Loader_Filesystem(DIR_TEMPLATE);
LINE: 19
----------------------------------------------------------------
MOD: OneCheckout

FILE: catalog/controller/checkout/success.php
CODE: public function index() {
LINE: 38

FILE: catalog/controller/checkout/checkout.php
CODE: $data['header'] = $this->load->controller('common/header');
LINE: 100
CODE: $this->response->setOutput($this->load->view('checkout/checkout', $data));
LINE: 108

FILE: catalog/controller/checkout/guest.php
CODE: !$this->config->get('config_checkout_guest') ||
LINE: 158
CODE: $this->session->data['shipping_address']['custom_field'] = array();
LINE: 339
CODE: $this->session->data['guest']['firstname'] = $this->request->post['firstname'];
LINE: 244
CODE: unset($this->session->data['shipping_methods']);
LINE: 350
CODE: if ((utf8_strlen(trim($this->request->post['firstname'])) < 1)
LINE: 176
----------------------------------------------------------------
MOD: 

FILE: catalog/view/theme/default/template/common/footer.twig
CODE: </footer>
LINE: 56

FILE: catalog/model/catalog/product.php
CODE: public function getProfile($product_id, $recurring_id) {
LINE: 552

FILE: admin/model/catalog/category.php
CODE: public function getTotalCategories() {
NOT FOUND - OPERATION SKIPPED!
----------------------------------------------------------------
15-02-2021 20:52:23 - MOD: Modification Default

FILE: system/engine/action.php
REGEX: ~(require|include)(_once)?\(([^)]+)~
LINE: 69

FILE: system/engine/loader.php
REGEX: ~(require|include)(_once)?\(([^)]+)~
LINE: 81
LINE: 155
LINE: 172

FILE: system/library/config.php
REGEX: ~(require|include)(_once)?\(([^)]+)~
LINE: 59

FILE: system/library/language.php
REGEX: ~(require|include)(_once)?\(([^)]+)~
LINE: 67
LINE: 73

FILE: system/library/template/template.php
REGEX: ~(require|include)(_once)?\(([^)]+)~
LINE: 18

FILE: system/library/template/twig.php
CODE: $loader = new \Twig_Loader_Filesystem(DIR_TEMPLATE);
LINE: 19
----------------------------------------------------------------
MOD: OneCheckout

FILE: catalog/controller/checkout/success.php
CODE: public function index() {
LINE: 38

FILE: catalog/controller/checkout/checkout.php
CODE: $data['header'] = $this->load->controller('common/header');
LINE: 100
CODE: $this->response->setOutput($this->load->view('checkout/checkout', $data));
LINE: 108

FILE: catalog/controller/checkout/guest.php
CODE: !$this->config->get('config_checkout_guest') ||
LINE: 158
CODE: $this->session->data['shipping_address']['custom_field'] = array();
LINE: 339
CODE: $this->session->data['guest']['firstname'] = $this->request->post['firstname'];
LINE: 244
CODE: unset($this->session->data['shipping_methods']);
LINE: 350
CODE: if ((utf8_strlen(trim($this->request->post['firstname'])) < 1)
LINE: 176

FILE: catalog/controller/checkout/shipping_method.php
CODE: $this->response->setOutput($this->load->view('checkout/shipping_method', $data));
LINE: 65
----------------------------------------------------------------
MOD: 

FILE: catalog/view/theme/default/template/common/footer.twig
CODE: </footer>
LINE: 56

FILE: catalog/model/catalog/product.php
CODE: public function getProfile($product_id, $recurring_id) {
LINE: 552

FILE: admin/model/catalog/category.php
CODE: public function getTotalCategories() {
NOT FOUND - OPERATION SKIPPED!
----------------------------------------------------------------
15-02-2021 20:52:44 - MOD: Modification Default

FILE: system/engine/action.php
REGEX: ~(require|include)(_once)?\(([^)]+)~
LINE: 69

FILE: system/engine/loader.php
REGEX: ~(require|include)(_once)?\(([^)]+)~
LINE: 81
LINE: 155
LINE: 172

FILE: system/library/config.php
REGEX: ~(require|include)(_once)?\(([^)]+)~
LINE: 59

FILE: system/library/language.php
REGEX: ~(require|include)(_once)?\(([^)]+)~
LINE: 67
LINE: 73

FILE: system/library/template/template.php
REGEX: ~(require|include)(_once)?\(([^)]+)~
LINE: 18

FILE: system/library/template/twig.php
CODE: $loader = new \Twig_Loader_Filesystem(DIR_TEMPLATE);
LINE: 19
----------------------------------------------------------------
MOD: OneCheckout

FILE: catalog/controller/checkout/success.php
CODE: public function index() {
LINE: 38

FILE: catalog/controller/checkout/checkout.php
CODE: $data['header'] = $this->load->controller('common/header');
LINE: 100
CODE: $this->response->setOutput($this->load->view('checkout/checkout', $data));
LINE: 108

FILE: catalog/controller/checkout/guest.php
CODE: !$this->config->get('config_checkout_guest') ||
LINE: 158
CODE: $this->session->data['shipping_address']['custom_field'] = array();
LINE: 339
CODE: $this->session->data['guest']['firstname'] = $this->request->post['firstname'];
LINE: 244
CODE: unset($this->session->data['shipping_methods']);
LINE: 350
CODE: if ((utf8_strlen(trim($this->request->post['firstname'])) < 1)
LINE: 176

FILE: catalog/controller/checkout/shipping_method.php
CODE: $this->response->setOutput($this->load->view('checkout/shipping_method', $data));
LINE: 70
----------------------------------------------------------------
MOD: 

FILE: catalog/view/theme/default/template/common/footer.twig
CODE: </footer>
LINE: 56

FILE: catalog/model/catalog/product.php
CODE: public function getProfile($product_id, $recurring_id) {
LINE: 552

FILE: admin/model/catalog/category.php
CODE: public function getTotalCategories() {
NOT FOUND - OPERATION SKIPPED!
----------------------------------------------------------------
15-02-2021 20:54:28 - MOD: Modification Default

FILE: system/engine/action.php
REGEX: ~(require|include)(_once)?\(([^)]+)~
LINE: 69

FILE: system/engine/loader.php
REGEX: ~(require|include)(_once)?\(([^)]+)~
LINE: 81
LINE: 155
LINE: 172

FILE: system/library/config.php
REGEX: ~(require|include)(_once)?\(([^)]+)~
LINE: 59

FILE: system/library/language.php
REGEX: ~(require|include)(_once)?\(([^)]+)~
LINE: 67
LINE: 73

FILE: system/library/template/template.php
REGEX: ~(require|include)(_once)?\(([^)]+)~
LINE: 18

FILE: system/library/template/twig.php
CODE: $loader = new \Twig_Loader_Filesystem(DIR_TEMPLATE);
LINE: 19
----------------------------------------------------------------
MOD: OneCheckout

FILE: catalog/controller/checkout/success.php
CODE: public function index() {
LINE: 38

FILE: catalog/controller/checkout/checkout.php
CODE: $data['header'] = $this->load->controller('common/header');
LINE: 100
CODE: $this->response->setOutput($this->load->view('checkout/checkout', $data));
LINE: 108

FILE: catalog/controller/checkout/guest.php
CODE: !$this->config->get('config_checkout_guest') ||
LINE: 158
CODE: $this->session->data['shipping_address']['custom_field'] = array();
LINE: 339
CODE: $this->session->data['guest']['firstname'] = $this->request->post['firstname'];
LINE: 244
CODE: unset($this->session->data['shipping_methods']);
LINE: 350
CODE: if ((utf8_strlen(trim($this->request->post['firstname'])) < 1)
LINE: 176

FILE: catalog/controller/checkout/shipping_method.php
CODE: $this->response->setOutput($this->load->view('checkout/shipping_method', $data));
LINE: 70
----------------------------------------------------------------
MOD: 

FILE: catalog/view/theme/default/template/common/footer.twig
CODE: </footer>
LINE: 56

FILE: catalog/model/catalog/product.php
CODE: public function getProfile($product_id, $recurring_id) {
LINE: 552

FILE: admin/model/catalog/category.php
CODE: public function getTotalCategories() {
NOT FOUND - OPERATION SKIPPED!
----------------------------------------------------------------
15-02-2021 20:56:01 - MOD: Modification Default

FILE: system/engine/action.php
REGEX: ~(require|include)(_once)?\(([^)]+)~
LINE: 69

FILE: system/engine/loader.php
REGEX: ~(require|include)(_once)?\(([^)]+)~
LINE: 81
LINE: 155
LINE: 172

FILE: system/library/config.php
REGEX: ~(require|include)(_once)?\(([^)]+)~
LINE: 59

FILE: system/library/language.php
REGEX: ~(require|include)(_once)?\(([^)]+)~
LINE: 67
LINE: 73

FILE: system/library/template/template.php
REGEX: ~(require|include)(_once)?\(([^)]+)~
LINE: 18

FILE: system/library/template/twig.php
CODE: $loader = new \Twig_Loader_Filesystem(DIR_TEMPLATE);
LINE: 19
----------------------------------------------------------------
MOD: OneCheckout

FILE: catalog/controller/checkout/success.php
CODE: public function index() {
LINE: 38

FILE: catalog/controller/checkout/checkout.php
CODE: $data['header'] = $this->load->controller('common/header');
LINE: 100
CODE: $this->response->setOutput($this->load->view('checkout/checkout', $data));
LINE: 108

FILE: catalog/controller/checkout/guest.php
CODE: !$this->config->get('config_checkout_guest') ||
LINE: 158
CODE: $this->session->data['shipping_address']['custom_field'] = array();
LINE: 339
CODE: $this->session->data['guest']['firstname'] = $this->request->post['firstname'];
LINE: 244
CODE: unset($this->session->data['shipping_methods']);
LINE: 350
CODE: if ((utf8_strlen(trim($this->request->post['firstname'])) < 1)
LINE: 176

FILE: catalog/controller/checkout/shipping_method.php
CODE: if (isset($this->session->data['comment'])) {
LINE: 69
CODE: $this->response->setOutput($this->load->view('checkout/shipping_method', $data));
LINE: 80
----------------------------------------------------------------
MOD: 

FILE: catalog/view/theme/default/template/common/footer.twig
CODE: </footer>
LINE: 56

FILE: catalog/model/catalog/product.php
CODE: public function getProfile($product_id, $recurring_id) {
LINE: 552

FILE: admin/model/catalog/category.php
CODE: public function getTotalCategories() {
NOT FOUND - OPERATION SKIPPED!
----------------------------------------------------------------
15-02-2021 21:02:56 - MOD: Modification Default

FILE: system/engine/action.php
REGEX: ~(require|include)(_once)?\(([^)]+)~
LINE: 69

FILE: system/engine/loader.php
REGEX: ~(require|include)(_once)?\(([^)]+)~
LINE: 81
LINE: 155
LINE: 172

FILE: system/library/config.php
REGEX: ~(require|include)(_once)?\(([^)]+)~
LINE: 59

FILE: system/library/language.php
REGEX: ~(require|include)(_once)?\(([^)]+)~
LINE: 67
LINE: 73

FILE: system/library/template/template.php
REGEX: ~(require|include)(_once)?\(([^)]+)~
LINE: 18

FILE: system/library/template/twig.php
CODE: $loader = new \Twig_Loader_Filesystem(DIR_TEMPLATE);
LINE: 19
----------------------------------------------------------------
MOD: OneCheckout

FILE: catalog/controller/checkout/success.php
CODE: public function index() {
LINE: 38

FILE: catalog/controller/checkout/checkout.php
CODE: $data['header'] = $this->load->controller('common/header');
LINE: 100
CODE: $this->response->setOutput($this->load->view('checkout/checkout', $data));
LINE: 108

FILE: catalog/controller/checkout/guest.php
CODE: !$this->config->get('config_checkout_guest') ||
LINE: 158
CODE: $this->session->data['shipping_address']['custom_field'] = array();
LINE: 339
CODE: $this->session->data['guest']['firstname'] = $this->request->post['firstname'];
LINE: 244
CODE: unset($this->session->data['shipping_methods']);
LINE: 350
CODE: if ((utf8_strlen(trim($this->request->post['firstname'])) < 1)
LINE: 176

FILE: catalog/controller/checkout/shipping_method.php
CODE: if (isset($this->session->data['comment'])) {
LINE: 69
CODE: $this->response->setOutput($this->load->view('checkout/shipping_method', $data));
LINE: 80

FILE: catalog/controller/checkout/payment_method.php
CODE: $this->session->data['comment'] = strip_tags($this->request->post['comment']);
LINE: 184
----------------------------------------------------------------
MOD: 

FILE: catalog/view/theme/default/template/common/footer.twig
CODE: </footer>
LINE: 56

FILE: catalog/model/catalog/product.php
CODE: public function getProfile($product_id, $recurring_id) {
LINE: 552

FILE: admin/model/catalog/category.php
CODE: public function getTotalCategories() {
NOT FOUND - OPERATION SKIPPED!
----------------------------------------------------------------
15-02-2021 21:04:26 - MOD: Modification Default

FILE: system/engine/action.php
REGEX: ~(require|include)(_once)?\(([^)]+)~
LINE: 69

FILE: system/engine/loader.php
REGEX: ~(require|include)(_once)?\(([^)]+)~
LINE: 81
LINE: 155
LINE: 172

FILE: system/library/config.php
REGEX: ~(require|include)(_once)?\(([^)]+)~
LINE: 59

FILE: system/library/language.php
REGEX: ~(require|include)(_once)?\(([^)]+)~
LINE: 67
LINE: 73

FILE: system/library/template/template.php
REGEX: ~(require|include)(_once)?\(([^)]+)~
LINE: 18

FILE: system/library/template/twig.php
CODE: $loader = new \Twig_Loader_Filesystem(DIR_TEMPLATE);
LINE: 19
----------------------------------------------------------------
MOD: OneCheckout

FILE: catalog/controller/checkout/success.php
CODE: public function index() {
LINE: 38

FILE: catalog/controller/checkout/checkout.php
CODE: $data['header'] = $this->load->controller('common/header');
LINE: 100
CODE: $this->response->setOutput($this->load->view('checkout/checkout', $data));
LINE: 108

FILE: catalog/controller/checkout/guest.php
CODE: !$this->config->get('config_checkout_guest') ||
LINE: 158
CODE: $this->session->data['shipping_address']['custom_field'] = array();
LINE: 339
CODE: $this->session->data['guest']['firstname'] = $this->request->post['firstname'];
LINE: 244
CODE: unset($this->session->data['shipping_methods']);
LINE: 350
CODE: if ((utf8_strlen(trim($this->request->post['firstname'])) < 1)
LINE: 176

FILE: catalog/controller/checkout/shipping_method.php
CODE: if (isset($this->session->data['comment'])) {
LINE: 69
CODE: $this->response->setOutput($this->load->view('checkout/shipping_method', $data));
LINE: 80

FILE: catalog/controller/checkout/payment_method.php
CODE: $this->session->data['comment'] = $this->request->post['comment'];
NOT FOUND - OPERATIONS ABORTED!
----------------------------------------------------------------
MOD: 

FILE: catalog/view/theme/default/template/common/footer.twig
CODE: </footer>
LINE: 56

FILE: catalog/model/catalog/product.php
CODE: public function getProfile($product_id, $recurring_id) {
LINE: 552

FILE: admin/model/catalog/category.php
CODE: public function getTotalCategories() {
NOT FOUND - OPERATION SKIPPED!
----------------------------------------------------------------
15-02-2021 21:06:05 - MOD: Modification Default

FILE: system/engine/action.php
REGEX: ~(require|include)(_once)?\(([^)]+)~
LINE: 69

FILE: system/engine/loader.php
REGEX: ~(require|include)(_once)?\(([^)]+)~
LINE: 81
LINE: 155
LINE: 172

FILE: system/library/config.php
REGEX: ~(require|include)(_once)?\(([^)]+)~
LINE: 59

FILE: system/library/language.php
REGEX: ~(require|include)(_once)?\(([^)]+)~
LINE: 67
LINE: 73

FILE: system/library/template/template.php
REGEX: ~(require|include)(_once)?\(([^)]+)~
LINE: 18

FILE: system/library/template/twig.php
CODE: $loader = new \Twig_Loader_Filesystem(DIR_TEMPLATE);
LINE: 19
----------------------------------------------------------------
MOD: OneCheckout

FILE: catalog/controller/checkout/success.php
CODE: public function index() {
LINE: 38

FILE: catalog/controller/checkout/checkout.php
CODE: $data['header'] = $this->load->controller('common/header');
LINE: 100
CODE: $this->response->setOutput($this->load->view('checkout/checkout', $data));
LINE: 108

FILE: catalog/controller/checkout/guest.php
CODE: !$this->config->get('config_checkout_guest') ||
LINE: 158
CODE: $this->session->data['shipping_address']['custom_field'] = array();
LINE: 339
CODE: $this->session->data['guest']['firstname'] = $this->request->post['firstname'];
LINE: 244
CODE: unset($this->session->data['shipping_methods']);
LINE: 350
CODE: if ((utf8_strlen(trim($this->request->post['firstname'])) < 1)
LINE: 176

FILE: catalog/controller/checkout/shipping_method.php
CODE: if (isset($this->session->data['comment'])) {
LINE: 69
CODE: $this->response->setOutput($this->load->view('checkout/shipping_method', $data));
LINE: 80

FILE: catalog/controller/checkout/payment_method.php
CODE: if (!$json) {
LINE: 181
----------------------------------------------------------------
MOD: 

FILE: catalog/view/theme/default/template/common/footer.twig
CODE: </footer>
LINE: 56

FILE: catalog/model/catalog/product.php
CODE: public function getProfile($product_id, $recurring_id) {
LINE: 552

FILE: admin/model/catalog/category.php
CODE: public function getTotalCategories() {
NOT FOUND - OPERATION SKIPPED!
----------------------------------------------------------------
15-02-2021 21:09:26 - MOD: Modification Default

FILE: system/engine/action.php
REGEX: ~(require|include)(_once)?\(([^)]+)~
LINE: 69

FILE: system/engine/loader.php
REGEX: ~(require|include)(_once)?\(([^)]+)~
LINE: 81
LINE: 155
LINE: 172

FILE: system/library/config.php
REGEX: ~(require|include)(_once)?\(([^)]+)~
LINE: 59

FILE: system/library/language.php
REGEX: ~(require|include)(_once)?\(([^)]+)~
LINE: 67
LINE: 73

FILE: system/library/template/template.php
REGEX: ~(require|include)(_once)?\(([^)]+)~
LINE: 18

FILE: system/library/template/twig.php
CODE: $loader = new \Twig_Loader_Filesystem(DIR_TEMPLATE);
LINE: 19
----------------------------------------------------------------
MOD: OneCheckout

FILE: catalog/controller/checkout/success.php
CODE: public function index() {
LINE: 38

FILE: catalog/controller/checkout/checkout.php
CODE: $data['header'] = $this->load->controller('common/header');
LINE: 100
CODE: $this->response->setOutput($this->load->view('checkout/checkout', $data));
LINE: 108

FILE: catalog/controller/checkout/guest.php
CODE: if (isset($this->session->data['guest']['firstname'])) {
LINE: 38
CODE: !$this->config->get('config_checkout_guest') ||
LINE: 171
CODE: $this->session->data['shipping_address']['custom_field'] = array();
LINE: 352
CODE: $this->session->data['guest']['firstname'] = $this->request->post['firstname'];
LINE: 257
CODE: unset($this->session->data['shipping_methods']);
LINE: 363
CODE: if ((utf8_strlen(trim($this->request->post['firstname'])) < 1)
LINE: 189

FILE: catalog/controller/checkout/shipping_method.php
CODE: if (isset($this->session->data['comment'])) {
LINE: 69
CODE: $this->response->setOutput($this->load->view('checkout/shipping_method', $data));
LINE: 80

FILE: catalog/controller/checkout/payment_method.php
CODE: if (!$json) {
LINE: 181
----------------------------------------------------------------
MOD: 

FILE: catalog/view/theme/default/template/common/footer.twig
CODE: </footer>
LINE: 56

FILE: catalog/model/catalog/product.php
CODE: public function getProfile($product_id, $recurring_id) {
LINE: 552

FILE: admin/model/catalog/category.php
CODE: public function getTotalCategories() {
NOT FOUND - OPERATION SKIPPED!
----------------------------------------------------------------
15-02-2021 21:10:35 - MOD: Modification Default

FILE: system/engine/action.php
REGEX: ~(require|include)(_once)?\(([^)]+)~
LINE: 69

FILE: system/engine/loader.php
REGEX: ~(require|include)(_once)?\(([^)]+)~
LINE: 81
LINE: 155
LINE: 172

FILE: system/library/config.php
REGEX: ~(require|include)(_once)?\(([^)]+)~
LINE: 59

FILE: system/library/language.php
REGEX: ~(require|include)(_once)?\(([^)]+)~
LINE: 67
LINE: 73

FILE: system/library/template/template.php
REGEX: ~(require|include)(_once)?\(([^)]+)~
LINE: 18

FILE: system/library/template/twig.php
CODE: $loader = new \Twig_Loader_Filesystem(DIR_TEMPLATE);
LINE: 19
----------------------------------------------------------------
MOD: OneCheckout

FILE: catalog/controller/checkout/success.php
CODE: public function index() {
LINE: 38

FILE: catalog/controller/checkout/checkout.php
CODE: $data['header'] = $this->load->controller('common/header');
LINE: 100
CODE: $this->response->setOutput($this->load->view('checkout/checkout', $data));
LINE: 108

FILE: catalog/controller/checkout/guest.php
CODE: $this->session->data['guest']['telephone'] = $this->request->post['telephone'];
LINE: 245
CODE: if (isset($this->session->data['guest']['firstname'])) {
LINE: 38
CODE: !$this->config->get('config_checkout_guest') ||
LINE: 171
CODE: $this->session->data['shipping_address']['custom_field'] = array();
LINE: 356
CODE: $this->session->data['guest']['firstname'] = $this->request->post['firstname'];
LINE: 257
CODE: unset($this->session->data['shipping_methods']);
LINE: 367
CODE: if ((utf8_strlen(trim($this->request->post['firstname'])) < 1)
LINE: 189

FILE: catalog/controller/checkout/shipping_method.php
CODE: if (isset($this->session->data['comment'])) {
LINE: 69
CODE: $this->response->setOutput($this->load->view('checkout/shipping_method', $data));
LINE: 80

FILE: catalog/controller/checkout/payment_method.php
CODE: if (!$json) {
LINE: 181
----------------------------------------------------------------
MOD: 

FILE: catalog/view/theme/default/template/common/footer.twig
CODE: </footer>
LINE: 56

FILE: catalog/model/catalog/product.php
CODE: public function getProfile($product_id, $recurring_id) {
LINE: 552

FILE: admin/model/catalog/category.php
CODE: public function getTotalCategories() {
NOT FOUND - OPERATION SKIPPED!
----------------------------------------------------------------
15-02-2021 21:11:24 - MOD: Modification Default

FILE: system/engine/action.php
REGEX: ~(require|include)(_once)?\(([^)]+)~
LINE: 69

FILE: system/engine/loader.php
REGEX: ~(require|include)(_once)?\(([^)]+)~
LINE: 81
LINE: 155
LINE: 172

FILE: system/library/config.php
REGEX: ~(require|include)(_once)?\(([^)]+)~
LINE: 59

FILE: system/library/language.php
REGEX: ~(require|include)(_once)?\(([^)]+)~
LINE: 67
LINE: 73

FILE: system/library/template/template.php
REGEX: ~(require|include)(_once)?\(([^)]+)~
LINE: 18

FILE: system/library/template/twig.php
CODE: $loader = new \Twig_Loader_Filesystem(DIR_TEMPLATE);
LINE: 19
----------------------------------------------------------------
MOD: OneCheckout

FILE: catalog/controller/checkout/success.php
CODE: public function index() {
LINE: 38

FILE: catalog/controller/checkout/checkout.php
CODE: $data['header'] = $this->load->controller('common/header');
LINE: 100
CODE: $this->response->setOutput($this->load->view('checkout/checkout', $data));
LINE: 108

FILE: catalog/controller/checkout/guest.php
CODE: $this->session->data['guest']['telephone'] = $this->request->post['telephone'];
LINE: 245
CODE: if (isset($this->session->data['guest']['firstname'])) {
LINE: 38
CODE: !$this->config->get('config_checkout_guest') ||
LINE: 171
CODE: $this->session->data['shipping_address']['custom_field'] = array();
LINE: 356
CODE: $this->session->data['guest']['firstname'] = $this->request->post['firstname'];
LINE: 257
CODE: unset($this->session->data['shipping_methods']);
LINE: 367
CODE: if ((utf8_strlen(trim($this->request->post['firstname'])) < 1)
LINE: 189

FILE: catalog/controller/checkout/shipping_method.php
CODE: if (isset($this->session->data['comment'])) {
LINE: 69
CODE: $this->response->setOutput($this->load->view('checkout/shipping_method', $data));
LINE: 80

FILE: catalog/controller/checkout/payment_method.php
CODE: if (!$json) {
LINE: 181
----------------------------------------------------------------
MOD: 

FILE: catalog/view/theme/default/template/common/footer.twig
CODE: </footer>
LINE: 56

FILE: catalog/model/catalog/product.php
CODE: public function getProfile($product_id, $recurring_id) {
LINE: 552

FILE: admin/model/catalog/category.php
CODE: public function getTotalCategories() {
NOT FOUND - OPERATION SKIPPED!
----------------------------------------------------------------
15-02-2021 21:12:06 - MOD: Modification Default

FILE: system/engine/action.php
REGEX: ~(require|include)(_once)?\(([^)]+)~
LINE: 69

FILE: system/engine/loader.php
REGEX: ~(require|include)(_once)?\(([^)]+)~
LINE: 81
LINE: 155
LINE: 172

FILE: system/library/config.php
REGEX: ~(require|include)(_once)?\(([^)]+)~
LINE: 59

FILE: system/library/language.php
REGEX: ~(require|include)(_once)?\(([^)]+)~
LINE: 67
LINE: 73

FILE: system/library/template/template.php
REGEX: ~(require|include)(_once)?\(([^)]+)~
LINE: 18

FILE: system/library/template/twig.php
CODE: $loader = new \Twig_Loader_Filesystem(DIR_TEMPLATE);
LINE: 19
----------------------------------------------------------------
MOD: OneCheckout

FILE: catalog/controller/checkout/success.php
CODE: public function index() {
LINE: 38

FILE: catalog/controller/checkout/checkout.php
CODE: $data['header'] = $this->load->controller('common/header');
LINE: 100
CODE: $this->response->setOutput($this->load->view('checkout/checkout', $data));
LINE: 108

FILE: catalog/controller/checkout/guest.php
CODE: $this->session->data['guest']['telephone'] = $this->request->post['telephone'];
LINE: 247
CODE: if (isset($this->session->data['guest']['firstname'])) {
LINE: 38
CODE: !$this->config->get('config_checkout_guest') ||
LINE: 171
CODE: $this->session->data['shipping_address']['custom_field'] = array();
LINE: 358
CODE: $this->session->data['guest']['firstname'] = $this->request->post['firstname'];
LINE: 257
CODE: unset($this->session->data['shipping_methods']);
LINE: 369
CODE: if ((utf8_strlen(trim($this->request->post['firstname'])) < 1)
LINE: 189

FILE: catalog/controller/checkout/shipping_method.php
CODE: if (isset($this->session->data['comment'])) {
LINE: 69
CODE: $this->response->setOutput($this->load->view('checkout/shipping_method', $data));
LINE: 80

FILE: catalog/controller/checkout/payment_method.php
CODE: if (!$json) {
LINE: 181
----------------------------------------------------------------
MOD: 

FILE: catalog/view/theme/default/template/common/footer.twig
CODE: </footer>
LINE: 56

FILE: catalog/model/catalog/product.php
CODE: public function getProfile($product_id, $recurring_id) {
LINE: 552

FILE: admin/model/catalog/category.php
CODE: public function getTotalCategories() {
NOT FOUND - OPERATION SKIPPED!
----------------------------------------------------------------
15-02-2021 21:12:38 - MOD: Modification Default

FILE: system/engine/action.php
REGEX: ~(require|include)(_once)?\(([^)]+)~
LINE: 69

FILE: system/engine/loader.php
REGEX: ~(require|include)(_once)?\(([^)]+)~
LINE: 81
LINE: 155
LINE: 172

FILE: system/library/config.php
REGEX: ~(require|include)(_once)?\(([^)]+)~
LINE: 59

FILE: system/library/language.php
REGEX: ~(require|include)(_once)?\(([^)]+)~
LINE: 67
LINE: 73

FILE: system/library/template/template.php
REGEX: ~(require|include)(_once)?\(([^)]+)~
LINE: 18

FILE: system/library/template/twig.php
CODE: $loader = new \Twig_Loader_Filesystem(DIR_TEMPLATE);
LINE: 19
----------------------------------------------------------------
MOD: OneCheckout

FILE: catalog/controller/checkout/success.php
CODE: public function index() {
LINE: 38

FILE: catalog/controller/checkout/checkout.php
CODE: $data['header'] = $this->load->controller('common/header');
LINE: 100
CODE: $this->response->setOutput($this->load->view('checkout/checkout', $data));
LINE: 108

FILE: catalog/controller/checkout/guest.php
CODE: $this->session->data['guest']['telephone'] = $this->request->post['telephone'];
LINE: 247
CODE: if (isset($this->session->data['guest']['firstname'])) {
LINE: 38
CODE: !$this->config->get('config_checkout_guest') ||
LINE: 171
CODE: $this->session->data['shipping_address']['custom_field'] = array();
LINE: 358
CODE: $this->session->data['guest']['firstname'] = $this->request->post['firstname'];
LINE: 257
CODE: unset($this->session->data['shipping_methods']);
LINE: 369
CODE: if ((utf8_strlen(trim($this->request->post['firstname'])) < 1)
LINE: 189

FILE: catalog/controller/checkout/shipping_method.php
CODE: if (isset($this->session->data['comment'])) {
LINE: 69
CODE: $this->response->setOutput($this->load->view('checkout/shipping_method', $data));
LINE: 80

FILE: catalog/controller/checkout/payment_method.php
CODE: if (!$json) {
LINE: 181
----------------------------------------------------------------
MOD: 

FILE: catalog/view/theme/default/template/common/footer.twig
CODE: </footer>
LINE: 56

FILE: catalog/model/catalog/product.php
CODE: public function getProfile($product_id, $recurring_id) {
LINE: 552

FILE: admin/model/catalog/category.php
CODE: public function getTotalCategories() {
NOT FOUND - OPERATION SKIPPED!
----------------------------------------------------------------
15-02-2021 21:13:29 - MOD: Modification Default

FILE: system/engine/action.php
REGEX: ~(require|include)(_once)?\(([^)]+)~
LINE: 69

FILE: system/engine/loader.php
REGEX: ~(require|include)(_once)?\(([^)]+)~
LINE: 81
LINE: 155
LINE: 172

FILE: system/library/config.php
REGEX: ~(require|include)(_once)?\(([^)]+)~
LINE: 59

FILE: system/library/language.php
REGEX: ~(require|include)(_once)?\(([^)]+)~
LINE: 67
LINE: 73

FILE: system/library/template/template.php
REGEX: ~(require|include)(_once)?\(([^)]+)~
LINE: 18

FILE: system/library/template/twig.php
CODE: $loader = new \Twig_Loader_Filesystem(DIR_TEMPLATE);
LINE: 19
----------------------------------------------------------------
MOD: OneCheckout

FILE: catalog/controller/checkout/success.php
CODE: public function index() {
LINE: 38

FILE: catalog/controller/checkout/checkout.php
CODE: $data['header'] = $this->load->controller('common/header');
LINE: 100
CODE: $this->response->setOutput($this->load->view('checkout/checkout', $data));
LINE: 108

FILE: catalog/controller/checkout/guest.php
CODE: $this->session->data['guest']['telephone'] = $this->request->post['telephone'];
LINE: 245
CODE: if (isset($this->session->data['guest']['firstname'])) {
LINE: 40
CODE: !$this->config->get('config_checkout_guest') ||
LINE: 173
CODE: $this->session->data['shipping_address']['custom_field'] = array();
LINE: 358
CODE: $this->session->data['guest']['firstname'] = $this->request->post['firstname'];
LINE: 259
CODE: unset($this->session->data['shipping_methods']);
LINE: 369
CODE: if ((utf8_strlen(trim($this->request->post['firstname'])) < 1)
LINE: 191

FILE: catalog/controller/checkout/shipping_method.php
CODE: if (isset($this->session->data['comment'])) {
LINE: 69
CODE: $this->response->setOutput($this->load->view('checkout/shipping_method', $data));
LINE: 80

FILE: catalog/controller/checkout/payment_method.php
CODE: if (!$json) {
LINE: 181
----------------------------------------------------------------
MOD: 

FILE: catalog/view/theme/default/template/common/footer.twig
CODE: </footer>
LINE: 56

FILE: catalog/model/catalog/product.php
CODE: public function getProfile($product_id, $recurring_id) {
LINE: 552

FILE: admin/model/catalog/category.php
CODE: public function getTotalCategories() {
NOT FOUND - OPERATION SKIPPED!
----------------------------------------------------------------
15-02-2021 21:14:33 - MOD: Modification Default

FILE: system/engine/action.php
REGEX: ~(require|include)(_once)?\(([^)]+)~
LINE: 69

FILE: system/engine/loader.php
REGEX: ~(require|include)(_once)?\(([^)]+)~
LINE: 81
LINE: 155
LINE: 172

FILE: system/library/config.php
REGEX: ~(require|include)(_once)?\(([^)]+)~
LINE: 59

FILE: system/library/language.php
REGEX: ~(require|include)(_once)?\(([^)]+)~
LINE: 67
LINE: 73

FILE: system/library/template/template.php
REGEX: ~(require|include)(_once)?\(([^)]+)~
LINE: 18

FILE: system/library/template/twig.php
CODE: $loader = new \Twig_Loader_Filesystem(DIR_TEMPLATE);
LINE: 19
----------------------------------------------------------------
MOD: OneCheckout

FILE: catalog/controller/checkout/success.php
CODE: public function index() {
LINE: 38

FILE: catalog/controller/checkout/checkout.php
CODE: $data['header'] = $this->load->controller('common/header');
LINE: 100
CODE: $this->response->setOutput($this->load->view('checkout/checkout', $data));
LINE: 108

FILE: catalog/controller/checkout/guest.php
CODE: $this->session->data['guest']['telephone'] = $this->request->post['telephone'];
LINE: 245
CODE: if (isset($this->session->data['guest']['customer_group_id'])) {
LINE: 34
CODE: !$this->config->get('config_checkout_guest') ||
LINE: 173
CODE: $this->session->data['shipping_address']['custom_field'] = array();
LINE: 358
CODE: $this->session->data['guest']['firstname'] = $this->request->post['firstname'];
LINE: 259
CODE: unset($this->session->data['shipping_methods']);
LINE: 369
CODE: if ((utf8_strlen(trim($this->request->post['firstname'])) < 1)
LINE: 191

FILE: catalog/controller/checkout/shipping_method.php
CODE: if (isset($this->session->data['comment'])) {
LINE: 69
CODE: $this->response->setOutput($this->load->view('checkout/shipping_method', $data));
LINE: 80

FILE: catalog/controller/checkout/payment_method.php
CODE: if (!$json) {
LINE: 181
----------------------------------------------------------------
MOD: 

FILE: catalog/view/theme/default/template/common/footer.twig
CODE: </footer>
LINE: 56

FILE: catalog/model/catalog/product.php
CODE: public function getProfile($product_id, $recurring_id) {
LINE: 552

FILE: admin/model/catalog/category.php
CODE: public function getTotalCategories() {
NOT FOUND - OPERATION SKIPPED!
----------------------------------------------------------------
16-02-2021 11:54:23 - MOD: Modification Default

FILE: system/engine/action.php
REGEX: ~(require|include)(_once)?\(([^)]+)~
LINE: 69

FILE: system/engine/loader.php
REGEX: ~(require|include)(_once)?\(([^)]+)~
LINE: 81
LINE: 155
LINE: 172

FILE: system/library/config.php
REGEX: ~(require|include)(_once)?\(([^)]+)~
LINE: 59

FILE: system/library/language.php
REGEX: ~(require|include)(_once)?\(([^)]+)~
LINE: 67
LINE: 73

FILE: system/library/template/template.php
REGEX: ~(require|include)(_once)?\(([^)]+)~
LINE: 18

FILE: system/library/template/twig.php
CODE: $loader = new \Twig_Loader_Filesystem(DIR_TEMPLATE);
LINE: 19
----------------------------------------------------------------
MOD: OneCheckout

FILE: catalog/controller/checkout/success.php
CODE: public function index() {
LINE: 38

FILE: catalog/controller/checkout/checkout.php
CODE: $data['header'] = $this->load->controller('common/header');
LINE: 100
CODE: $this->response->setOutput($this->load->view('checkout/checkout', $data));
LINE: 108

FILE: catalog/controller/checkout/guest.php
CODE: $this->response->setOutput($this->load->view('checkout/guest', $data));
LINE: 145
CODE: $this->session->data['guest']['telephone'] = $this->request->post['telephone'];
LINE: 251
CODE: if (isset($this->session->data['guest']['customer_group_id'])) {
LINE: 32
CODE: !$this->config->get('config_checkout_guest') ||
LINE: 177
CODE: $this->session->data['shipping_address']['custom_field'] = array();
LINE: 362
CODE: $this->session->data['guest']['firstname'] = $this->request->post['firstname'];
LINE: 263
CODE: unset($this->session->data['shipping_methods']);
LINE: 373
CODE: if ((utf8_strlen(trim($this->request->post['firstname'])) < 1)
LINE: 195

FILE: catalog/controller/checkout/shipping_method.php
CODE: if (isset($this->session->data['comment'])) {
LINE: 69
CODE: $this->response->setOutput($this->load->view('checkout/shipping_method', $data));
LINE: 80

FILE: catalog/controller/checkout/payment_method.php
CODE: if (!$json) {
LINE: 181
----------------------------------------------------------------
MOD: 

FILE: catalog/view/theme/default/template/common/footer.twig
CODE: </footer>
LINE: 56

FILE: catalog/model/catalog/product.php
CODE: public function getProfile($product_id, $recurring_id) {
LINE: 552

FILE: admin/model/catalog/category.php
CODE: public function getTotalCategories() {
NOT FOUND - OPERATION SKIPPED!
----------------------------------------------------------------
16-02-2021 11:54:41 - MOD: Modification Default

FILE: system/engine/action.php
REGEX: ~(require|include)(_once)?\(([^)]+)~
LINE: 69

FILE: system/engine/loader.php
REGEX: ~(require|include)(_once)?\(([^)]+)~
LINE: 81
LINE: 155
LINE: 172

FILE: system/library/config.php
REGEX: ~(require|include)(_once)?\(([^)]+)~
LINE: 59

FILE: system/library/language.php
REGEX: ~(require|include)(_once)?\(([^)]+)~
LINE: 67
LINE: 73

FILE: system/library/template/template.php
REGEX: ~(require|include)(_once)?\(([^)]+)~
LINE: 18

FILE: system/library/template/twig.php
CODE: $loader = new \Twig_Loader_Filesystem(DIR_TEMPLATE);
LINE: 19
----------------------------------------------------------------
MOD: OneCheckout

FILE: catalog/controller/checkout/success.php
CODE: public function index() {
LINE: 38

FILE: catalog/controller/checkout/checkout.php
CODE: $data['header'] = $this->load->controller('common/header');
LINE: 100
CODE: $this->response->setOutput($this->load->view('checkout/checkout', $data));
LINE: 108

FILE: catalog/controller/checkout/guest.php
CODE: $this->response->setOutput($this->load->view('checkout/guest', $data));
LINE: 145
CODE: $this->session->data['guest']['telephone'] = $this->request->post['telephone'];
LINE: 251
CODE: if (isset($this->session->data['guest']['customer_group_id'])) {
LINE: 32
CODE: !$this->config->get('config_checkout_guest') ||
LINE: 177
CODE: $this->session->data['shipping_address']['custom_field'] = array();
LINE: 362
CODE: $this->session->data['guest']['firstname'] = $this->request->post['firstname'];
LINE: 263
CODE: unset($this->session->data['shipping_methods']);
LINE: 373
CODE: if ((utf8_strlen(trim($this->request->post['firstname'])) < 1)
LINE: 195

FILE: catalog/controller/checkout/shipping_method.php
CODE: if (isset($this->session->data['comment'])) {
LINE: 69
CODE: $this->response->setOutput($this->load->view('checkout/shipping_method', $data));
LINE: 80

FILE: catalog/controller/checkout/payment_method.php
CODE: if (!$json) {
LINE: 181
----------------------------------------------------------------
MOD: 

FILE: catalog/view/theme/default/template/common/footer.twig
CODE: </footer>
LINE: 56

FILE: catalog/model/catalog/product.php
CODE: public function getProfile($product_id, $recurring_id) {
LINE: 552

FILE: admin/model/catalog/category.php
CODE: public function getTotalCategories() {
NOT FOUND - OPERATION SKIPPED!
----------------------------------------------------------------
16-02-2021 11:55:29 - MOD: Modification Default

FILE: system/engine/action.php
REGEX: ~(require|include)(_once)?\(([^)]+)~
LINE: 69

FILE: system/engine/loader.php
REGEX: ~(require|include)(_once)?\(([^)]+)~
LINE: 81
LINE: 155
LINE: 172

FILE: system/library/config.php
REGEX: ~(require|include)(_once)?\(([^)]+)~
LINE: 59

FILE: system/library/language.php
REGEX: ~(require|include)(_once)?\(([^)]+)~
LINE: 67
LINE: 73

FILE: system/library/template/template.php
REGEX: ~(require|include)(_once)?\(([^)]+)~
LINE: 18

FILE: system/library/template/twig.php
CODE: $loader = new \Twig_Loader_Filesystem(DIR_TEMPLATE);
LINE: 19
----------------------------------------------------------------
MOD: OneCheckout

FILE: catalog/controller/checkout/success.php
CODE: public function index() {
LINE: 38

FILE: catalog/controller/checkout/checkout.php
CODE: $data['header'] = $this->load->controller('common/header');
LINE: 100
CODE: $this->response->setOutput($this->load->view('checkout/checkout', $data));
LINE: 108

FILE: catalog/controller/checkout/guest.php
CODE: $this->response->setOutput($this->load->view('checkout/guest', $data));
LINE: 145
CODE: $this->session->data['guest']['telephone'] = $this->request->post['telephone'];
LINE: 251
CODE: if (isset($this->session->data['guest']['customer_group_id'])) {
LINE: 32
CODE: !$this->config->get('config_checkout_guest') ||
LINE: 177
CODE: $this->session->data['shipping_address']['custom_field'] = array();
LINE: 362
CODE: $this->session->data['guest']['firstname'] = $this->request->post['firstname'];
LINE: 263
CODE: unset($this->session->data['shipping_methods']);
LINE: 373
CODE: if ((utf8_strlen(trim($this->request->post['firstname'])) < 1)
LINE: 195

FILE: catalog/controller/checkout/shipping_method.php
CODE: if (isset($this->session->data['comment'])) {
LINE: 69
CODE: $this->response->setOutput($this->load->view('checkout/shipping_method', $data));
LINE: 80

FILE: catalog/controller/checkout/payment_method.php
CODE: if (!$json) {
LINE: 181
----------------------------------------------------------------
MOD: 

FILE: catalog/view/theme/default/template/common/footer.twig
CODE: </footer>
LINE: 56

FILE: catalog/model/catalog/product.php
CODE: public function getProfile($product_id, $recurring_id) {
LINE: 552

FILE: admin/model/catalog/category.php
CODE: public function getTotalCategories() {
NOT FOUND - OPERATION SKIPPED!
----------------------------------------------------------------
